{"/Users/raulcarriscajo/Sites/aprendiendoreact/02-first-steps/src/FirstStepsApp.tsx": {"path":"/Users/raulcarriscajo/Sites/aprendiendoreact/02-first-steps/src/FirstStepsApp.tsx","statementMap":{"0":{"start":{"line":8,"column":34},"end":{"line":25,"column":null}}},"fnMap":{"0":{"name":"FirstStepsApp","decl":{"start":{"line":27,"column":16},"end":{"line":27,"column":null}},"loc":{"start":{"line":27,"column":16},"end":{"line":42,"column":null}},"line":27}},"branchMap":{},"s":{"0":1},"f":{"0":3},"b":{},"meta":{"lastBranch":0,"lastFunction":1,"lastStatement":1,"seen":{"s:8:34:25:Infinity":0,"f:27:16:27:Infinity":0}}}
,"/Users/raulcarriscajo/Sites/aprendiendoreact/02-first-steps/src/MyAwesomeApp.tsx": {"path":"/Users/raulcarriscajo/Sites/aprendiendoreact/02-first-steps/src/MyAwesomeApp.tsx","statementMap":{"0":{"start":{"line":3,"column":18},"end":{"line":3,"column":null}},"1":{"start":{"line":4,"column":17},"end":{"line":4,"column":null}},"2":{"start":{"line":6,"column":22},"end":{"line":6,"column":null}},"3":{"start":{"line":7,"column":17},"end":{"line":7,"column":null}},"4":{"start":{"line":9,"column":16},"end":{"line":13,"column":null}},"5":{"start":{"line":15,"column":35},"end":{"line":19,"column":null}}},"fnMap":{"0":{"name":"MyAwesomeApp","decl":{"start":{"line":21,"column":16},"end":{"line":21,"column":null}},"loc":{"start":{"line":21,"column":16},"end":{"line":38,"column":null}},"line":21}},"branchMap":{"0":{"loc":{"start":{"line":16,"column":19},"end":{"line":16,"column":null}},"type":"cond-expr","locations":[{"start":{"line":16,"column":30},"end":{"line":16,"column":40}},{"start":{"line":16,"column":40},"end":{"line":16,"column":null}}],"line":16},"1":{"loc":{"start":{"line":18,"column":9},"end":{"line":18,"column":null}},"type":"cond-expr","locations":[{"start":{"line":18,"column":20},"end":{"line":18,"column":30}},{"start":{"line":18,"column":30},"end":{"line":18,"column":null}}],"line":18},"2":{"loc":{"start":{"line":29,"column":32},"end":{"line":29,"column":65}},"type":"cond-expr","locations":[{"start":{"line":29,"column":43},"end":{"line":29,"column":54}},{"start":{"line":29,"column":54},"end":{"line":29,"column":65}}],"line":29}},"s":{"0":1,"1":1,"2":1,"3":1,"4":1,"5":1},"f":{"0":3},"b":{"0":[1,0],"1":[1,0],"2":[3,0]},"meta":{"lastBranch":3,"lastFunction":1,"lastStatement":6,"seen":{"s:3:18:3:Infinity":0,"s:4:17:4:Infinity":1,"s:6:22:6:Infinity":2,"s:7:17:7:Infinity":3,"s:9:16:13:Infinity":4,"s:15:35:19:Infinity":5,"b:16:30:16:40:16:40:16:Infinity":0,"b:18:20:18:30:18:30:18:Infinity":1,"f:21:16:21:Infinity":0,"b:29:43:29:54:29:54:29:65":2}}}
,"/Users/raulcarriscajo/Sites/aprendiendoreact/02-first-steps/src/helpers/math.helpers.ts": {"path":"/Users/raulcarriscajo/Sites/aprendiendoreact/02-first-steps/src/helpers/math.helpers.ts","statementMap":{"0":{"start":{"line":1,"column":19},"end":{"line":3,"column":null}},"1":{"start":{"line":2,"column":4},"end":{"line":2,"column":null}},"2":{"start":{"line":5,"column":24},"end":{"line":7,"column":null}},"3":{"start":{"line":6,"column":4},"end":{"line":6,"column":null}},"4":{"start":{"line":9,"column":24},"end":{"line":11,"column":null}},"5":{"start":{"line":10,"column":4},"end":{"line":10,"column":null}},"6":{"start":{"line":13,"column":22},"end":{"line":16,"column":null}},"7":{"start":{"line":15,"column":4},"end":{"line":15,"column":null}}},"fnMap":{"0":{"name":"(anonymous_0)","decl":{"start":{"line":1,"column":19},"end":{"line":1,"column":20}},"loc":{"start":{"line":1,"column":31},"end":{"line":3,"column":null}},"line":1},"1":{"name":"(anonymous_1)","decl":{"start":{"line":5,"column":24},"end":{"line":5,"column":25}},"loc":{"start":{"line":5,"column":36},"end":{"line":7,"column":null}},"line":5},"2":{"name":"(anonymous_2)","decl":{"start":{"line":9,"column":24},"end":{"line":9,"column":25}},"loc":{"start":{"line":9,"column":36},"end":{"line":11,"column":null}},"line":9},"3":{"name":"(anonymous_3)","decl":{"start":{"line":13,"column":22},"end":{"line":13,"column":23}},"loc":{"start":{"line":13,"column":34},"end":{"line":16,"column":null}},"line":13}},"branchMap":{},"s":{"0":1,"1":1,"2":1,"3":2,"4":1,"5":2,"6":1,"7":1},"f":{"0":1,"1":2,"2":2,"3":1},"b":{},"meta":{"lastBranch":0,"lastFunction":4,"lastStatement":8,"seen":{"s:1:19:3:Infinity":0,"f:1:19:1:20":0,"s:2:4:2:Infinity":1,"s:5:24:7:Infinity":2,"f:5:24:5:25":1,"s:6:4:6:Infinity":3,"s:9:24:11:Infinity":4,"f:9:24:9:25":2,"s:10:4:10:Infinity":5,"s:13:22:16:Infinity":6,"f:13:22:13:23":3,"s:15:4:15:Infinity":7}}}
,"/Users/raulcarriscajo/Sites/aprendiendoreact/02-first-steps/src/shopping-cart/ItemCounter.tsx": {"path":"/Users/raulcarriscajo/Sites/aprendiendoreact/02-first-steps/src/shopping-cart/ItemCounter.tsx","statementMap":{"0":{"start":{"line":11,"column":27},"end":{"line":53,"column":null}},"1":{"start":{"line":12,"column":31},"end":{"line":12,"column":null}},"2":{"start":{"line":14,"column":25},"end":{"line":17,"column":null}},"3":{"start":{"line":15,"column":4},"end":{"line":15,"column":null}},"4":{"start":{"line":15,"column":19},"end":{"line":15,"column":null}},"5":{"start":{"line":16,"column":4},"end":{"line":16,"column":null}},"6":{"start":{"line":18,"column":22},"end":{"line":20,"column":null}},"7":{"start":{"line":19,"column":4},"end":{"line":19,"column":null}}},"fnMap":{"0":{"name":"(anonymous_0)","decl":{"start":{"line":11,"column":27},"end":{"line":11,"column":28}},"loc":{"start":{"line":11,"column":64},"end":{"line":53,"column":null}},"line":11},"1":{"name":"(anonymous_1)","decl":{"start":{"line":14,"column":25},"end":{"line":14,"column":null}},"loc":{"start":{"line":14,"column":25},"end":{"line":17,"column":null}},"line":14},"2":{"name":"(anonymous_2)","decl":{"start":{"line":18,"column":22},"end":{"line":18,"column":null}},"loc":{"start":{"line":18,"column":22},"end":{"line":20,"column":null}},"line":18}},"branchMap":{"0":{"loc":{"start":{"line":11,"column":43},"end":{"line":11,"column":55}},"type":"default-arg","locations":[{"start":{"line":11,"column":54},"end":{"line":11,"column":55}}],"line":11},"1":{"loc":{"start":{"line":15,"column":4},"end":{"line":15,"column":null}},"type":"if","locations":[{"start":{"line":15,"column":4},"end":{"line":15,"column":null}},{"start":{},"end":{}}],"line":15},"2":{"loc":{"start":{"line":36,"column":21},"end":{"line":36,"column":53}},"type":"cond-expr","locations":[{"start":{"line":36,"column":37},"end":{"line":36,"column":45}},{"start":{"line":36,"column":45},"end":{"line":36,"column":53}}],"line":36}},"s":{"0":1,"1":9,"2":9,"3":2,"4":1,"5":1,"6":9,"7":1},"f":{"0":9,"1":2,"2":1},"b":{"0":[9],"1":[1,1],"2":[3,6]},"meta":{"lastBranch":3,"lastFunction":3,"lastStatement":8,"seen":{"s:11:27:53:Infinity":0,"f:11:27:11:28":0,"b:11:54:11:55":0,"s:12:31:12:Infinity":1,"s:14:25:17:Infinity":2,"f:14:25:14:Infinity":1,"b:15:4:15:Infinity:undefined:undefined:undefined:undefined":1,"s:15:4:15:Infinity":3,"s:15:19:15:Infinity":4,"s:16:4:16:Infinity":5,"s:18:22:20:Infinity":6,"f:18:22:18:Infinity":2,"s:19:4:19:Infinity":7,"b:36:37:36:45:36:45:36:53":2}}}
,"/Users/raulcarriscajo/Sites/aprendiendoreact/02-first-steps/src/shopping-cart/itemCounter.module.css": {"path":"/Users/raulcarriscajo/Sites/aprendiendoreact/02-first-steps/src/shopping-cart/itemCounter.module.css","statementMap":{},"fnMap":{},"branchMap":{},"s":{},"f":{},"b":{},"meta":{"lastBranch":0,"lastFunction":0,"lastStatement":0,"seen":{}}}
}
